** Message: 02:38:19.906: environement.vala:58: Exporting primary_variable
** Message: 02:38:19.906: environement.vala:59: desktop_environnement XDG_CURRENT_DESKTOP
** Message: 02:38:19.906: environement.vala:150: confir_dirs is null, export : /etc/xdg
** Message: 02:38:19.906: environement.vala:184: Exporting XDG_CONFIG_DIRS
** Message: 02:38:19.906: environement.vala:218: custom_data :
** Message: 02:38:19.906: environement.vala:219: data_dirs :/usr/share/fkms:/usr/local/share:/usr/share/raspi-ui-overrides:/usr/share:/usr/share/gdm:/var/lib/menu-xdg
** Message: 02:38:19.906: environement.vala:220: data_dirs not null, export : /usr/share/fkms:/usr/local/share:/usr/share/raspi-ui-overrides:/usr/share:/usr/share/gdm:/var/lib/menu-xdg
** Message: 02:38:19.906: environement.vala:225: Exporting XDG_DATA_DIRS
** Message: 02:38:19.907: utils.vala:138: Config system location : /etc/xdg/lxsession/LXDE-pi
** Message: 02:38:19.907: utils.vala:144: System system path location : /etc/xdg/lxsession/LXDE-pi/desktop.conf
** Message: 02:38:19.907: utils.vala:148: Final file used : /etc/xdg/lxsession/LXDE-pi/desktop.conf
** Message: 02:38:19.907: utils.vala:39: Config system location : /etc/xdg/lxsession/LXDE-pi
** Message: 02:38:19.907: utils.vala:45: System system path location : /etc/xdg/lxsession/LXDE-pi/desktop.conf

** (lxsession:622): WARNING **: 02:38:19.909: utils.vala:70: 没有那个文件或目录
** Message: 02:38:19.909: settings.vala:540: 键文件在组“GTK”中没有键“iGtk/ColorScheme”
** Message: 02:38:19.909: settings.vala:540: 键文件在组“Session”中没有键“windows_manager/command”
** Message: 02:38:19.909: settings.vala:540: 键文件在组“Session”中没有键“panel/command”
** Message: 02:38:19.909: settings.vala:540: 键文件在组“Session”中没有键“dock/command”
** Message: 02:38:19.909: settings.vala:540: 键文件在组“Session”中没有键“file_manager/command”
** Message: 02:38:19.909: settings.vala:540: 键文件在组“Session”中没有键“desktop_manager/command”
** Message: 02:38:19.909: settings.vala:540: 键文件在组“Session”中没有键“launcher_manager/autostart”
** Message: 02:38:19.909: settings.vala:540: 键文件在组“Session”中没有键“composite_manager/command”
** Message: 02:38:19.909: settings.vala:540: 键文件在组“Session”中没有键“im1/command”
** Message: 02:38:19.909: settings.vala:540: 键文件在组“Session”中没有键“im2/command”
** Message: 02:38:19.909: settings.vala:540: 键文件在组“Session”中没有键“widget1/command”
** Message: 02:38:19.909: settings.vala:540: 键文件在组“Session”中没有键“notification/command”
** Message: 02:38:19.909: settings.vala:540: 键文件在组“Session”中没有键“keybindings/command”
** Message: 02:38:19.909: settings.vala:540: 键文件在组“Session”中没有键“im_manager/command”
** Message: 02:38:19.909: settings.vala:540: 键文件在组“Session”中没有键“screensaver/command”
** Message: 02:38:19.909: settings.vala:540: 键文件在组“Session”中没有键“power_manager/command”
** Message: 02:38:19.909: settings.vala:540: 键文件在组“Session”中没有键“audio_manager/command”
** Message: 02:38:19.909: settings.vala:540: 键文件在组“Session”中没有键“workspace_manager/command”
** Message: 02:38:19.909: settings.vala:540: 键文件在组“Session”中没有键“screenshot_manager/command”
** Message: 02:38:19.909: settings.vala:540: 键文件在组“Session”中没有键“message_manager/command”
** Message: 02:38:19.909: settings.vala:540: 键文件在组“Session”中没有键“upgrade_manager/command”
** Message: 02:38:19.909: settings.vala:540: 键文件在组“Session”中没有键“updates_manager/command”
** Message: 02:38:19.909: settings.vala:540: 键文件在组“Session”中没有键“updates_manager/timeout”
** Message: 02:38:19.910: settings.vala:540: 键文件在组“Session”中没有键“crash_manager/command”
** Message: 02:38:19.910: settings.vala:540: 键文件在组“Session”中没有键“crash_manager/dev_mode”
** Message: 02:38:19.910: settings.vala:540: 键文件在组“Session”中没有键“crash_manager/timeout”
** Message: 02:38:19.910: settings.vala:540: 键文件在组“Session”中没有键“upstart_user_session”
** Message: 02:38:19.910: settings.vala:540: 键文件在组“Session”中没有键“proxy_manager/http”
** Message: 02:38:19.910: settings.vala:540: 键文件在组“Session”中没有键“a11y/command”
** Message: 02:38:19.910: settings.vala:540: 键文件在组“Session”中没有键“xrandr/command”
** Message: 02:38:19.910: settings.vala:540: 键文件在组“Session”中没有键“network_gui/command”
** Message: 02:38:19.910: settings.vala:540: 键文件在组“Session”中没有键“webbrowser/command”
** Message: 02:38:19.910: settings.vala:540: 键文件在组“Session”中没有键“email/command”
** Message: 02:38:19.910: settings.vala:540: 键文件在组“Session”中没有键“pdf_reader/command”
** Message: 02:38:19.910: settings.vala:540: 键文件在组“Session”中没有键“video_player/command”
** Message: 02:38:19.910: settings.vala:540: 键文件在组“Session”中没有键“audio_player/command”
** Message: 02:38:19.910: settings.vala:540: 键文件在组“Session”中没有键“image_display/command”
** Message: 02:38:19.910: settings.vala:540: 键文件在组“Session”中没有键“text_editor/command”
** Message: 02:38:19.910: settings.vala:540: 键文件在组“Session”中没有键“archive/command”
** Message: 02:38:19.910: settings.vala:540: 键文件在组“Session”中没有键“charmap/command”
** Message: 02:38:19.910: settings.vala:540: 键文件在组“Session”中没有键“calculator/command”
** Message: 02:38:19.910: settings.vala:540: 键文件在组“Session”中没有键“spreadsheet/command”
** Message: 02:38:19.910: settings.vala:540: 键文件在组“Session”中没有键“bittorent/command”
** Message: 02:38:19.910: settings.vala:540: 键文件在组“Session”中没有键“document/command”
** Message: 02:38:19.910: settings.vala:540: 键文件在组“Session”中没有键“webcam/command”
** Message: 02:38:19.910: settings.vala:540: 键文件在组“Session”中没有键“burn/command”
** Message: 02:38:19.911: settings.vala:540: 键文件在组“Session”中没有键“notes/command”
** Message: 02:38:19.911: settings.vala:540: 键文件在组“Session”中没有键“disk_utility/command”
** Message: 02:38:19.911: settings.vala:540: 键文件在组“Session”中没有键“tasks/command”
** Message: 02:38:19.911: settings.vala:540: 键文件没有组“Keymap”
** Message: 02:38:19.911: settings.vala:540: 键文件在组“State”中没有键“laptop_mode”
** Message: 02:38:19.911: settings.vala:540: 键文件在组“Dbus”中没有键“gnome”
** Message: 02:38:19.911: settings.vala:540: 键文件在组“Environment”中没有键“type”
** Message: 02:38:19.911: settings.vala:540: 键文件在组“Environment”中没有键“ubuntu_menuproxy”
** Message: 02:38:19.911: settings.vala:540: 键文件在组“Environment”中没有键“toolkit_integration”
** Message: 02:38:19.911: settings.vala:540: 键文件在组“Environment”中没有键“gtk/overlay_scrollbar_disable”
** Message: 02:38:19.911: settings.vala:540: 键文件在组“Environment”中没有键“qt/force_theme”
** Message: 02:38:19.911: settings.vala:540: 键文件在组“Environment”中没有键“qt/platform”
** Message: 02:38:19.911: settings.vala:462: Monitoring: /etc/xdg/lxsession/LXDE-pi/desktop.conf
** Message: 02:38:19.911: settings.vala:470: Desktop file is not in config home, monitoring creation of it
** Message: 02:38:19.911: settings.vala:485: Monitoring home path: /home/pi/.config/lxsession/LXDE-pi/desktop.conf
** Message: 02:38:19.912: environement.vala:79: Exporting variable
** Message: 02:38:19.912: environement.vala:80: desktop_environnement XDG_CURRENT_DESKTOP
** Message: 02:38:19.912: environement.vala:177: custom_config :
** Message: 02:38:19.912: environement.vala:178: config_dirs :/etc/xdg
** Message: 02:38:19.912: environement.vala:179: confir_dirs not null, export : /etc/xdg
** Message: 02:38:19.912: environement.vala:184: Exporting XDG_CONFIG_DIRS
** Message: 02:38:19.912: environement.vala:218: custom_data :
** Message: 02:38:19.912: environement.vala:219: data_dirs :/usr/share/fkms:/usr/local/share:/usr/share/raspi-ui-overrides:/usr/share:/usr/share/gdm:/var/lib/menu-xdg
** Message: 02:38:19.912: environement.vala:220: data_dirs not null, export : /usr/share/fkms:/usr/local/share:/usr/share/raspi-ui-overrides:/usr/share:/usr/share/gdm:/var/lib/menu-xdg
** Message: 02:38:19.912: environement.vala:225: Exporting XDG_DATA_DIRS
** Message: 02:38:19.912: utils.vala:39: Config system location : /etc/xdg/lxsession/LXDE-pi
** Message: 02:38:19.912: utils.vala:45: System system path location : /etc/xdg/lxsession/LXDE-pi/desktop.conf

** (lxsession:622): WARNING **: 02:38:19.912: utils.vala:70: 没有那个文件或目录
** Message: 02:38:19.912: environement.vala:254: No entry in [Environment_variable]. 键文件没有组“Environment_variable”

** (lxsession:622): WARNING **: 02:38:19.917: process.vala:49: 执行子进程“xprop”失败（没有那个文件或目录）

** (lxsession:622): WARNING **: 02:38:19.917: process.vala:50: Error when launching xprop
** Message: 02:38:19.917: utils.vala:138: Config system location : /etc/xdg/lxsession/LXDE-pi
** Message: 02:38:19.917: utils.vala:144: System system path location : /etc/xdg/lxsession/LXDE-pi/conffiles.conf
** Message: 02:38:19.917: utils.vala:148: Final file used : /etc/xdg/lxsession/LXDE-pi/conffiles.conf
** Message: 02:38:19.917: options.vala:164: Activate xsettings_manager build-in
** Message: 02:38:19.917: utils.vala:39: Config system location : /etc/xdg/lxsession/LXDE-pi
** Message: 02:38:19.917: utils.vala:45: System system path location : /etc/xdg/lxsession/LXDE-pi/desktop.conf

** (lxsession:622): WARNING **: 02:38:19.917: utils.vala:70: 没有那个文件或目录
** Message: 02:38:19.933: app.vala:728: polkit separate
** Message: 02:38:19.933: app.vala:728: polkit separate
** Message: 02:38:19.944: app.vala:76: Launching lxpolkit 
** Message: 02:38:19.944: utils.vala:138: Config system location : /etc/xdg/lxsession/LXDE-pi
** Message: 02:38:19.944: utils.vala:144: System system path location : /etc/xdg/lxsession/LXDE-pi/autostart
** Message: 02:38:19.945: utils.vala:148: Final file used : /etc/xdg/lxsession/LXDE-pi/autostart
** Message: 02:38:19.945: autostart.vala:42: Autostart path : /etc/xdg/lxsession/LXDE-pi/autostart
** Message: 02:38:19.959: app.vala:76: Launching lxpanel 
** Message: 02:38:19.974: app.vala:76: Launching pcmanfm 

** (lxsession:622): WARNING **: 02:38:19.981: app.vala:86: 执行子进程“xscreensaver”失败（没有那个文件或目录）

** (lxsession:622): WARNING **: 02:38:19.981: app.vala:87: Error when launching xscreensaver
** Message: 02:38:20.001: options.vala:107: Create build-in Clipboard
** Message: 02:38:20.003: main.vala:450: Check keymap_mode (null)
** Message: 02:38:20.011: app.vala:76: Launching /usr/bin/ssh-agent 
SSH_AUTH_SOCK=/tmp/ssh-1T0T8T2YVJte/agent.1004; export SSH_AUTH_SOCK;
SSH_AGENT_PID=1009; export SSH_AGENT_PID;
echo Agent pid 1009;
** Message: 02:38:20.150: app.vala:130: /usr/bin/ssh-agent exit with this type of exit: 0
** Message: 03:37:06.967: x-terminal-emulator has very limited support, consider choosing another terminal
** Message: 03:37:06.968: x-terminal-emulator has very limited support, consider choosing another terminal
grep: /home/pi/.config/lxpanel/LXDE-pi/panels/*: 没有那个文件或目录
Openbox-Message: 无法找到有效的菜单文件 "/usr/share/lxde/openbox/menu.xml"
** Message: 03:37:08.234: Connecting ...
** Message: 03:37:08.235: Status changed to down

** (lxpanel:998): CRITICAL **: 03:37:08.235: dhcpcd_open: 对设备不适当的 ioctl 操作
Unit pt-device-manager.service could not be found.
Unit pi-topd.service could not be found.

** (lxpanel:998): WARNING **: 03:37:08.404: Battery 0 not found
** Message: 03:37:08.685: up: Checking for updates
** Message: 03:37:09.235: Status changed to opened
** Message: 03:37:09.236: Connected to dhcpcd-8.1.2
** Message: 03:37:09.236: Status changed to connected
** Message: 03:37:09.236: eth0: Link is down
** Message: 03:37:09.237: wlan0: Associated with songyc2021
** Message: 03:37:09.237: wlan0: Configured 192.168.0.3/24
** Message: 03:37:09.239: wlan0: WPA status connected
** Message: 03:37:13.284: up: Cache updated - comparing versions
** Message: 03:37:17.750: up: Check complete - 11 updates available
INFO    thonny: Thonny version: 3.3.14
Obt-Message: Failed to open an Input Method
INFO    thonny: Thonny version: 3.3.14
Loading socket Config module ...
Creating backend ...
Loading x11 FrontEnd module ...
Failed to load x11 FrontEnd module.

(pcmanfm:999): Gtk-WARNING **: 03:58:19.961: Theme parsing error: <data>:2:27: The style property GtkWidget:focus-padding is deprecated and shouldn't be used anymore. It will be removed in a future version

(pcmanfm:999): Gtk-WARNING **: 03:58:19.961: Theme parsing error: <data>:3:30: The style property GtkWidget:focus-line-width is deprecated and shouldn't be used anymore. It will be removed in a future version

(pcmanfm:999): Gtk-WARNING **: 03:58:27.667: gtk_menu_detach(): menu is not attached
** Message: 03:59:18.809: up: Checking for updates
** Message: 03:59:20.306: up: Cache updated - comparing versions
** Message: 03:59:24.605: up: Check complete - no updates available
